<?xml version="1.0" encoding="UTF-8"?>
<coverage generated="1531260000578" clover="3.2.0">
  <project timestamp="1531260000579" name="All files">
    <metrics statements="11" coveredstatements="7" conditionals="6" coveredconditionals="3" methods="4" coveredmethods="3" elements="21" coveredelements="13" complexity="0" loc="11" ncloc="11" packages="1" files="1" classes="1">
      <file name="recursive_sort.js" path="/Users/tyler/rithm/rithm/tyler-rithm/week-7/testing/recursive_sort.js">
        <metrics statements="11" coveredstatements="7" conditionals="6" coveredconditionals="3" methods="4" coveredmethods="3"/>
        <line num="8" count="9" type="cond" truecount="2" falsecount="0"/>
        <line num="9" count="5" type="stmt"/>
        <line num="11" count="6" type="stmt"/>
        <line num="14" count="14" type="stmt"/>
        <line num="15" count="14" type="cond" truecount="1" falsecount="1"/>
        <line num="16" count="0" type="stmt"/>
        <line num="17" count="0" type="cond" truecount="0" falsecount="2"/>
        <line num="18" count="0" type="stmt"/>
        <line num="20" count="0" type="stmt"/>
        <line num="23" count="14" type="stmt"/>
        <line num="27" count="1" type="stmt"/>
      </file>
    </metrics>
  </project>
</coverage>
