{"/Users/tyler/rithm/rithm/tyler-rithm/week-7/testing/recursive_sort.js": {"path":"/Users/tyler/rithm/rithm/tyler-rithm/week-7/testing/recursive_sort.js","statementMap":{"0":{"start":{"line":8,"column":2},"end":{"line":10,"column":3}},"1":{"start":{"line":9,"column":4},"end":{"line":9,"column":42}},"2":{"start":{"line":9,"column":24},"end":{"line":9,"column":40}},"3":{"start":{"line":11,"column":2},"end":{"line":24,"column":11}},"4":{"start":{"line":14,"column":6},"end":{"line":14,"column":27}},"5":{"start":{"line":15,"column":6},"end":{"line":22,"column":7}},"6":{"start":{"line":16,"column":8},"end":{"line":21,"column":11}},"7":{"start":{"line":17,"column":10},"end":{"line":19,"column":11}},"8":{"start":{"line":18,"column":12},"end":{"line":18,"column":36}},"9":{"start":{"line":20,"column":10},"end":{"line":20,"column":19}},"10":{"start":{"line":23,"column":6},"end":{"line":23,"column":18}},"11":{"start":{"line":27,"column":0},"end":{"line":27,"column":31}}},"fnMap":{"0":{"name":"recursiveSort","decl":{"start":{"line":7,"column":9},"end":{"line":7,"column":22}},"loc":{"start":{"line":7,"column":28},"end":{"line":25,"column":1}},"line":7},"1":{"name":"(anonymous_1)","decl":{"start":{"line":9,"column":19},"end":{"line":9,"column":20}},"loc":{"start":{"line":9,"column":24},"end":{"line":9,"column":40}},"line":9},"2":{"name":"(anonymous_2)","decl":{"start":{"line":13,"column":12},"end":{"line":13,"column":13}},"loc":{"start":{"line":13,"column":27},"end":{"line":24,"column":5}},"line":13},"3":{"name":"(anonymous_3)","decl":{"start":{"line":16,"column":34},"end":{"line":16,"column":35}},"loc":{"start":{"line":16,"column":39},"end":{"line":21,"column":9}},"line":16}},"branchMap":{"0":{"loc":{"start":{"line":8,"column":2},"end":{"line":10,"column":3}},"type":"if","locations":[{"start":{"line":8,"column":2},"end":{"line":10,"column":3}},{"start":{"line":8,"column":2},"end":{"line":10,"column":3}}],"line":8},"1":{"loc":{"start":{"line":15,"column":6},"end":{"line":22,"column":7}},"type":"if","locations":[{"start":{"line":15,"column":6},"end":{"line":22,"column":7}},{"start":{"line":15,"column":6},"end":{"line":22,"column":7}}],"line":15},"2":{"loc":{"start":{"line":17,"column":10},"end":{"line":19,"column":11}},"type":"if","locations":[{"start":{"line":17,"column":10},"end":{"line":19,"column":11}},{"start":{"line":17,"column":10},"end":{"line":19,"column":11}}],"line":17}},"s":{"0":9,"1":3,"2":5,"3":6,"4":14,"5":14,"6":0,"7":0,"8":0,"9":0,"10":14,"11":1},"f":{"0":9,"1":5,"2":14,"3":0},"b":{"0":[3,6],"1":[0,14],"2":[0,0]},"_coverageSchema":"332fd63041d2c1bcb487cc26dd0d5f7d97098a6c","hash":"648b60ebb4c564e6066fc8a81669c3855b0f08da"}
}
